[0.006s] Invoking command in '/home/tom007/catkin_ws_ros2/build/action_test': CMAKE_PREFIX_PATH=/home/tom007/catkin_ws_ros2/install/my_msgs:/home/tom007/catkin_ws_ros2/install/test_cpp:/home/tom007/catkin_ws_ros2/install/action_test:/opt/ros/humble /usr/bin/cmake --build /home/tom007/catkin_ws_ros2/build/action_test -- -j16 -l16
[0.034s] [35m[1mConsolidate compiler generated dependencies of target action_server[0m
[0.035s] [35m[1mConsolidate compiler generated dependencies of target action_client[0m
[0.044s] [ 25%] [32mBuilding CXX object CMakeFiles/action_server.dir/src/action_server.cpp.o[0m
[0.047s] [ 50%] [32mBuilding CXX object CMakeFiles/action_client.dir/src/action_client.cpp.o[0m
[0.050s] [01m[K<command-line>:[m[K [01;31m[Kerror: [m[Kmacro names must be identifiers
[0.052s] [01m[K<command-line>:[m[K [01;31m[Kerror: [m[Kmacro names must be identifiers
[1.726s] gmake[2]: *** [CMakeFiles/action_client.dir/build.make:76ï¼šCMakeFiles/action_client.dir/src/action_client.cpp.o] é”™è¯¯ 1
[1.726s] gmake[1]: *** [CMakeFiles/Makefile2:165ï¼šCMakeFiles/action_client.dir/all] é”™è¯¯ 2
[1.726s] gmake[1]: *** æ­£åœ¨ç­‰å¾…æœªå®Œæˆçš„ä»»åŠ¡....
[1.810s] gmake[2]: *** [CMakeFiles/action_server.dir/build.make:76ï¼šCMakeFiles/action_server.dir/src/action_server.cpp.o] é”™è¯¯ 1
[1.810s] gmake[1]: *** [CMakeFiles/Makefile2:139ï¼šCMakeFiles/action_server.dir/all] é”™è¯¯ 2
[1.810s] gmake: *** [Makefile:146ï¼šall] é”™è¯¯ 2
[1.811s] Invoked command in '/home/tom007/catkin_ws_ros2/build/action_test' returned '2': CMAKE_PREFIX_PATH=/home/tom007/catkin_ws_ros2/install/my_msgs:/home/tom007/catkin_ws_ros2/install/test_cpp:/home/tom007/catkin_ws_ros2/install/action_test:/opt/ros/humble /usr/bin/cmake --build /home/tom007/catkin_ws_ros2/build/action_test -- -j16 -l16
