[35m[1mConsolidate compiler generated dependencies of target action_client[0m
[ 25%] [32mBuilding CXX object CMakeFiles/action_server.dir/src/action_server.cpp.o[0m
[ 50%] [32mBuilding CXX object CMakeFiles/action_client.dir/src/action_client.cpp.o[0m
[01m[K<command-line>:[m[K [01;31m[Kerror: [m[Kmacro names must be identifiers
[01m[K<command-line>:[m[K [01;31m[Kerror: [m[Kmacro names must be identifiers
[01m[K/home/tom007/catkin_ws_ros2/src/action_test/src/action_server.cpp:[m[K In function ‘[01m[Krclcpp_action::GoalResponse handle_goal(const GoalUUID&, my_msgs::action::Test_Goal_<std::allocator<void> >::SharedPtr)[m[K’:
[01m[K/home/tom007/catkin_ws_ros2/src/action_test/src/action_server.cpp:6:72:[m[K [01;35m[Kwarning: [m[Kunused parameter ‘[01m[Kuuid[m[K’ [[01;35m[K]8;;https://gcc.gnu.org/onlinedocs/gcc/Warning-Options.html#index-Wunused-parameter-Wunused-parameter]8;;[m[K]
    6 | rclcpp_action::GoalResponse handle_goal([01;35m[Kconst rclcpp_action::GoalUUID &uuid[m[K, const my_msgs::action::Test::Goal::SharedPtr goal)
      |                                         [01;35m[K~~~~~~~~~~~~~~~~~~~~~~~~~~~~~~~^~~~[m[K
[01m[K/home/tom007/catkin_ws_ros2/src/action_test/src/action_server.cpp:6:123:[m[K [01;35m[Kwarning: [m[Kunused parameter ‘[01m[Kgoal[m[K’ [[01;35m[K]8;;https://gcc.gnu.org/onlinedocs/gcc/Warning-Options.html#index-Wunused-parameter-Wunused-parameter]8;;[m[K]
    6 | rclcpp_action::GoalResponse handle_goal(const rclcpp_action::GoalUUID &uuid, [01;35m[Kconst my_msgs::action::Test::Goal::SharedPtr goal[m[K)
      |                                                                              [01;35m[K~~~~~~~~~~~~~~~~~~~~~~~~~~~~~~~~~~~~~~~~~~~~~^~~~[m[K
[01m[K/home/tom007/catkin_ws_ros2/src/action_test/src/action_server.cpp:[m[K In function ‘[01m[Krclcpp_action::CancelResponse handle_cancel(std::shared_ptr<rclcpp_action::ServerGoalHandle<my_msgs::action::Test> >)[m[K’:
[01m[K/home/tom007/catkin_ws_ros2/src/action_test/src/action_server.cpp:12:117:[m[K [01;35m[Kwarning: [m[Kunused parameter ‘[01m[Kgoal_handle[m[K’ [[01;35m[K]8;;https://gcc.gnu.org/onlinedocs/gcc/Warning-Options.html#index-Wunused-parameter-Wunused-parameter]8;;[m[K]
   12 | rclcpp_action::CancelResponse handle_cancel([01;35m[Kstd::shared_ptr<rclcpp_action::ServerGoalHandle<my_msgs::action::Test>> goal_handle[m[K)
      |                                             [01;35m[K~~~~~~~~~~~~~~~~~~~~~~~~~~~~~~~~~~~~~~~~~~~~~~~~~~~~~~~~~~~~~~~~~~~~~~~~^~~~~~~~~~~[m[K
[01m[K/home/tom007/catkin_ws_ros2/src/action_test/src/action_server.cpp:[m[K In function ‘[01m[Kvoid execute(std::shared_ptr<rclcpp_action::ServerGoalHandle<my_msgs::action::Test> >)[m[K’:
[01m[K/home/tom007/catkin_ws_ros2/src/action_test/src/action_server.cpp:19:92:[m[K [01;35m[Kwarning: [m[Kunused parameter ‘[01m[Kgoal_handle[m[K’ [[01;35m[K]8;;https://gcc.gnu.org/onlinedocs/gcc/Warning-Options.html#index-Wunused-parameter-Wunused-parameter]8;;[m[K]
   19 | void execute([01;35m[Kconst std::shared_ptr<rclcpp_action::ServerGoalHandle<my_msgs::action::Test>> goal_handle[m[K)
      |              [01;35m[K~~~~~~~~~~~~~~~~~~~~~~~~~~~~~~~~~~~~~~~~~~~~~~~~~~~~~~~~~~~~~~~~~~~~~~~~~~~~~~^~~~~~~~~~~[m[K
gmake[2]: *** [CMakeFiles/action_client.dir/build.make:76：CMakeFiles/action_client.dir/src/action_client.cpp.o] 错误 1
gmake[1]: *** [CMakeFiles/Makefile2:165：CMakeFiles/action_client.dir/all] 错误 2
gmake[1]: *** 正在等待未完成的任务....
gmake[2]: *** [CMakeFiles/action_server.dir/build.make:76：CMakeFiles/action_server.dir/src/action_server.cpp.o] 错误 1
gmake[1]: *** [CMakeFiles/Makefile2:139：CMakeFiles/action_server.dir/all] 错误 2
gmake: *** [Makefile:146：all] 错误 2
