[0.007s] Invoking command in '/home/tom007/catkin_ws_ros2/build/action_test': CMAKE_PREFIX_PATH=/home/tom007/catkin_ws_ros2/install/my_msgs:/home/tom007/catkin_ws_ros2/install/test_cpp:/home/tom007/catkin_ws_ros2/install/action_test:/opt/ros/humble /usr/bin/cmake --build /home/tom007/catkin_ws_ros2/build/action_test -- -j16 -l16
[0.035s] [35m[1mConsolidate compiler generated dependencies of target action_client[0m
[0.043s] [ 25%] [32mBuilding CXX object CMakeFiles/action_server.dir/src/action_server.cpp.o[0m
[0.046s] [ 50%] [32mBuilding CXX object CMakeFiles/action_client.dir/src/action_client.cpp.o[0m
[0.049s] [01m[K<command-line>:[m[K [01;31m[Kerror: [m[Kmacro names must be identifiers
[0.051s] [01m[K<command-line>:[m[K [01;31m[Kerror: [m[Kmacro names must be identifiers
[1.510s] [01m[K/home/tom007/catkin_ws_ros2/src/action_test/src/action_server.cpp:[m[K In function â€˜[01m[Krclcpp_action::GoalResponse handle_goal(const GoalUUID&, my_msgs::action::Test_Goal_<std::allocator<void> >::SharedPtr)[m[Kâ€™:
[1.510s] [01m[K/home/tom007/catkin_ws_ros2/src/action_test/src/action_server.cpp:6:72:[m[K [01;35m[Kwarning: [m[Kunused parameter â€˜[01m[Kuuid[m[Kâ€™ [[01;35m[K]8;;https://gcc.gnu.org/onlinedocs/gcc/Warning-Options.html#index-Wunused-parameter-Wunused-parameter]8;;[m[K]
[1.510s]     6 | rclcpp_action::GoalResponse handle_goal([01;35m[Kconst rclcpp_action::GoalUUID &uuid[m[K, const my_msgs::action::Test::Goal::SharedPtr goal)
[1.510s]       |                                         [01;35m[K~~~~~~~~~~~~~~~~~~~~~~~~~~~~~~~^~~~[m[K
[1.510s] [01m[K/home/tom007/catkin_ws_ros2/src/action_test/src/action_server.cpp:6:123:[m[K [01;35m[Kwarning: [m[Kunused parameter â€˜[01m[Kgoal[m[Kâ€™ [[01;35m[K]8;;https://gcc.gnu.org/onlinedocs/gcc/Warning-Options.html#index-Wunused-parameter-Wunused-parameter]8;;[m[K]
[1.510s]     6 | rclcpp_action::GoalResponse handle_goal(const rclcpp_action::GoalUUID &uuid, [01;35m[Kconst my_msgs::action::Test::Goal::SharedPtr goal[m[K)
[1.510s]       |                                                                              [01;35m[K~~~~~~~~~~~~~~~~~~~~~~~~~~~~~~~~~~~~~~~~~~~~~^~~~[m[K
[1.511s] [01m[K/home/tom007/catkin_ws_ros2/src/action_test/src/action_server.cpp:[m[K In function â€˜[01m[Krclcpp_action::CancelResponse handle_cancel(std::shared_ptr<rclcpp_action::ServerGoalHandle<my_msgs::action::Test> >)[m[Kâ€™:
[1.511s] [01m[K/home/tom007/catkin_ws_ros2/src/action_test/src/action_server.cpp:12:117:[m[K [01;35m[Kwarning: [m[Kunused parameter â€˜[01m[Kgoal_handle[m[Kâ€™ [[01;35m[K]8;;https://gcc.gnu.org/onlinedocs/gcc/Warning-Options.html#index-Wunused-parameter-Wunused-parameter]8;;[m[K]
[1.511s]    12 | rclcpp_action::CancelResponse handle_cancel([01;35m[Kstd::shared_ptr<rclcpp_action::ServerGoalHandle<my_msgs::action::Test>> goal_handle[m[K)
[1.511s]       |                                             [01;35m[K~~~~~~~~~~~~~~~~~~~~~~~~~~~~~~~~~~~~~~~~~~~~~~~~~~~~~~~~~~~~~~~~~~~~~~~~^~~~~~~~~~~[m[K
[1.511s] [01m[K/home/tom007/catkin_ws_ros2/src/action_test/src/action_server.cpp:[m[K In function â€˜[01m[Kvoid execute(std::shared_ptr<rclcpp_action::ServerGoalHandle<my_msgs::action::Test> >)[m[Kâ€™:
[1.511s] [01m[K/home/tom007/catkin_ws_ros2/src/action_test/src/action_server.cpp:19:92:[m[K [01;35m[Kwarning: [m[Kunused parameter â€˜[01m[Kgoal_handle[m[Kâ€™ [[01;35m[K]8;;https://gcc.gnu.org/onlinedocs/gcc/Warning-Options.html#index-Wunused-parameter-Wunused-parameter]8;;[m[K]
[1.511s]    19 | void execute([01;35m[Kconst std::shared_ptr<rclcpp_action::ServerGoalHandle<my_msgs::action::Test>> goal_handle[m[K)
[1.511s]       |              [01;35m[K~~~~~~~~~~~~~~~~~~~~~~~~~~~~~~~~~~~~~~~~~~~~~~~~~~~~~~~~~~~~~~~~~~~~~~~~~~~~~~^~~~~~~~~~~[m[K
[1.692s] gmake[2]: *** [CMakeFiles/action_client.dir/build.make:76ï¼šCMakeFiles/action_client.dir/src/action_client.cpp.o] é”™è¯¯ 1
[1.692s] gmake[1]: *** [CMakeFiles/Makefile2:165ï¼šCMakeFiles/action_client.dir/all] é”™è¯¯ 2
[1.692s] gmake[1]: *** æ­£åœ¨ç­‰å¾…æœªå®Œæˆçš„ä»»åŠ¡....
[1.784s] gmake[2]: *** [CMakeFiles/action_server.dir/build.make:76ï¼šCMakeFiles/action_server.dir/src/action_server.cpp.o] é”™è¯¯ 1
[1.784s] gmake[1]: *** [CMakeFiles/Makefile2:139ï¼šCMakeFiles/action_server.dir/all] é”™è¯¯ 2
[1.784s] gmake: *** [Makefile:146ï¼šall] é”™è¯¯ 2
[1.785s] Invoked command in '/home/tom007/catkin_ws_ros2/build/action_test' returned '2': CMAKE_PREFIX_PATH=/home/tom007/catkin_ws_ros2/install/my_msgs:/home/tom007/catkin_ws_ros2/install/test_cpp:/home/tom007/catkin_ws_ros2/install/action_test:/opt/ros/humble /usr/bin/cmake --build /home/tom007/catkin_ws_ros2/build/action_test -- -j16 -l16
