[01m[K<command-line>:[m[K [01;31m[Kerror: [m[Kmacro names must be identifiers
[01m[K<command-line>:[m[K [01;31m[Kerror: [m[Kmacro names must be identifiers
[01m[K/home/tom007/catkin_ws_ros2/src/action_test/src/action_server.cpp:4:10:[m[K [01;31m[Kfatal error: [m[Krclcpp_components/register_node_macro.hpp: æ²¡æœ‰é‚£ä¸ªæ–‡ä»¶æˆ–ç›®å½•
    4 | #include [01;31m[K<rclcpp_components/register_node_macro.hpp>[m[K
      |          [01;31m[K^~~~~~~~~~~~~~~~~~~~~~~~~~~~~~~~~~~~~~~~~~~[m[K
compilation terminated.
gmake[2]: *** [CMakeFiles/action_server.dir/build.make:76ï¼šCMakeFiles/action_server.dir/src/action_server.cpp.o] é”™è¯¯ 1
gmake[1]: *** [CMakeFiles/Makefile2:139ï¼šCMakeFiles/action_server.dir/all] é”™è¯¯ 2
gmake[1]: *** æ­£åœ¨ç­‰å¾…æœªå®Œæˆçš„ä»»åŠ¡....
gmake[2]: *** [CMakeFiles/action_client.dir/build.make:76ï¼šCMakeFiles/action_client.dir/src/action_client.cpp.o] é”™è¯¯ 1
gmake[1]: *** [CMakeFiles/Makefile2:165ï¼šCMakeFiles/action_client.dir/all] é”™è¯¯ 2
gmake: *** [Makefile:146ï¼šall] é”™è¯¯ 2
