[0.005s] Invoking command in '/home/tom007/catkin_ws_ros2/build/action_test': CMAKE_PREFIX_PATH=/home/tom007/catkin_ws_ros2/install/my_msgs:/home/tom007/catkin_ws_ros2/install/test_cpp:/home/tom007/catkin_ws_ros2/install/action_test:/opt/ros/humble /usr/bin/cmake --build /home/tom007/catkin_ws_ros2/build/action_test -- -j16 -l16
[0.023s] -- Found ament_cmake: 1.3.10 (/opt/ros/humble/share/ament_cmake/cmake)
[0.106s] -- Found rclcpp: 16.0.10 (/opt/ros/humble/share/rclcpp/cmake)
[0.123s] -- Found rosidl_generator_c: 3.1.5 (/opt/ros/humble/share/rosidl_generator_c/cmake)
[0.125s] -- Found rosidl_adapter: 3.1.5 (/opt/ros/humble/share/rosidl_adapter/cmake)
[0.128s] -- Found rosidl_generator_cpp: 3.1.5 (/opt/ros/humble/share/rosidl_generator_cpp/cmake)
[0.134s] -- Using all available rosidl_typesupport_c: rosidl_typesupport_fastrtps_c;rosidl_typesupport_introspection_c
[0.142s] -- Using all available rosidl_typesupport_cpp: rosidl_typesupport_fastrtps_cpp;rosidl_typesupport_introspection_cpp
[0.161s] -- Found rmw_implementation_cmake: 6.1.2 (/opt/ros/humble/share/rmw_implementation_cmake/cmake)
[0.162s] -- Found rmw_fastrtps_cpp: 6.2.7 (/opt/ros/humble/share/rmw_fastrtps_cpp/cmake)
[0.222s] -- Using RMW implementation 'rmw_fastrtps_cpp' as default
[0.251s] -- Found my_msgs: 0.0.0 (/home/tom007/catkin_ws_ros2/install/my_msgs/share/my_msgs/cmake)
[0.281s] -- Found rclcpp_action: 16.0.10 (/opt/ros/humble/share/rclcpp_action/cmake)
[0.288s] -- Found ament_lint_auto: 0.12.11 (/opt/ros/humble/share/ament_lint_auto/cmake)
[0.331s] -- Added test 'cppcheck' to perform static code analysis on C / C++ code
[0.331s] -- Configured cppcheck include dirs: 
[0.331s] -- Configured cppcheck exclude dirs and/or files: 
[0.331s] -- Added test 'lint_cmake' to check CMake code style
[0.331s] -- Added test 'uncrustify' to check C / C++ code style
[0.331s] -- Configured uncrustify additional arguments: 
[0.331s] -- Added test 'xmllint' to check XML markup files
[0.332s] -- Configuring done
[0.339s] -- Generating done
[0.340s] -- Build files have been written to: /home/tom007/catkin_ws_ros2/build/action_test
[0.357s] [35m[1mConsolidate compiler generated dependencies of target action_server[0m
[0.358s] [35m[1mConsolidate compiler generated dependencies of target action_client[0m
[0.369s] [ 25%] [32mBuilding CXX object CMakeFiles/action_client.dir/src/action_client.cpp.o[0m
[0.370s] [ 50%] [32mBuilding CXX object CMakeFiles/action_server.dir/src/action_server.cpp.o[0m
[0.375s] [01m[K<command-line>:[m[K [01;31m[Kerror: [m[Kmacro names must be identifiers
[0.376s] [01m[K<command-line>:[m[K [01;31m[Kerror: [m[Kmacro names must be identifiers
[0.510s] [01m[K/home/tom007/catkin_ws_ros2/src/action_test/src/action_server.cpp:4:10:[m[K [01;31m[Kfatal error: [m[Krclcpp_components/register_node_macro.hpp: æ²¡æœ‰é‚£ä¸ªæ–‡ä»¶æˆ–ç›®å½•
[0.510s]     4 | #include [01;31m[K<rclcpp_components/register_node_macro.hpp>[m[K
[0.510s]       |          [01;31m[K^~~~~~~~~~~~~~~~~~~~~~~~~~~~~~~~~~~~~~~~~~~[m[K
[0.510s] compilation terminated.
[0.513s] gmake[2]: *** [CMakeFiles/action_server.dir/build.make:76ï¼šCMakeFiles/action_server.dir/src/action_server.cpp.o] é”™è¯¯ 1
[0.514s] gmake[1]: *** [CMakeFiles/Makefile2:139ï¼šCMakeFiles/action_server.dir/all] é”™è¯¯ 2
[0.514s] gmake[1]: *** æ­£åœ¨ç­‰å¾…æœªå®Œæˆçš„ä»»åŠ¡....
[1.941s] gmake[2]: *** [CMakeFiles/action_client.dir/build.make:76ï¼šCMakeFiles/action_client.dir/src/action_client.cpp.o] é”™è¯¯ 1
[1.941s] gmake[1]: *** [CMakeFiles/Makefile2:165ï¼šCMakeFiles/action_client.dir/all] é”™è¯¯ 2
[1.941s] gmake: *** [Makefile:146ï¼šall] é”™è¯¯ 2
[1.943s] Invoked command in '/home/tom007/catkin_ws_ros2/build/action_test' returned '2': CMAKE_PREFIX_PATH=/home/tom007/catkin_ws_ros2/install/my_msgs:/home/tom007/catkin_ws_ros2/install/test_cpp:/home/tom007/catkin_ws_ros2/install/action_test:/opt/ros/humble /usr/bin/cmake --build /home/tom007/catkin_ws_ros2/build/action_test -- -j16 -l16
