-- Found ament_cmake: 1.3.10 (/opt/ros/humble/share/ament_cmake/cmake)
-- Found rclcpp: 16.0.10 (/opt/ros/humble/share/rclcpp/cmake)
-- Found rosidl_generator_c: 3.1.5 (/opt/ros/humble/share/rosidl_generator_c/cmake)
-- Found rosidl_adapter: 3.1.5 (/opt/ros/humble/share/rosidl_adapter/cmake)
-- Found rosidl_generator_cpp: 3.1.5 (/opt/ros/humble/share/rosidl_generator_cpp/cmake)
-- Using all available rosidl_typesupport_c: rosidl_typesupport_fastrtps_c;rosidl_typesupport_introspection_c
-- Using all available rosidl_typesupport_cpp: rosidl_typesupport_fastrtps_cpp;rosidl_typesupport_introspection_cpp
-- Found rmw_implementation_cmake: 6.1.2 (/opt/ros/humble/share/rmw_implementation_cmake/cmake)
-- Found rmw_fastrtps_cpp: 6.2.7 (/opt/ros/humble/share/rmw_fastrtps_cpp/cmake)
-- Using RMW implementation 'rmw_fastrtps_cpp' as default
-- Found ament_lint_auto: 0.12.11 (/opt/ros/humble/share/ament_lint_auto/cmake)
-- Added test 'cppcheck' to perform static code analysis on C / C++ code
-- Configured cppcheck include dirs: 
-- Configured cppcheck exclude dirs and/or files: 
-- Added test 'lint_cmake' to check CMake code style
-- Added test 'uncrustify' to check C / C++ code style
-- Configured uncrustify additional arguments: 
-- Added test 'xmllint' to check XML markup files
-- Configuring done
-- Generating done
-- Build files have been written to: /home/tom007/catkin_ws_ros2/build/param_test
[35m[1mConsolidate compiler generated dependencies of target param_node[0m
[ 50%] [32mBuilding CXX object CMakeFiles/param_node.dir/src/param.cpp.o[0m
[100%] [32m[1mLinking CXX executable param_node[0m
/usr/bin/ld: CMakeFiles/param_node.dir/src/param.cpp.o: in function `main':
param.cpp:(.text+0x17e): undefined reference to `Json::Value::Value(Json::ValueType)'
/usr/bin/ld: param.cpp:(.text+0x26b): undefined reference to `Json::Value::Value(std::__cxx11::basic_string<char, std::char_traits<char>, std::allocator<char> > const&)'
/usr/bin/ld: param.cpp:(.text+0x284): undefined reference to `Json::Value::append(Json::Value&&)'
/usr/bin/ld: param.cpp:(.text+0x293): undefined reference to `Json::Value::~Value()'
/usr/bin/ld: param.cpp:(.text+0x4bc): undefined reference to `Json::operator<<(std::ostream&, Json::Value const&)'
/usr/bin/ld: param.cpp:(.text+0x5d4): undefined reference to `Json::Value::~Value()'
/usr/bin/ld: param.cpp:(.text+0x6a3): undefined reference to `Json::Value::~Value()'
/usr/bin/ld: param.cpp:(.text+0x790): undefined reference to `Json::Value::~Value()'
collect2: error: ld returned 1 exit status
gmake[2]: *** [CMakeFiles/param_node.dir/build.make:159ï¼šparam_node] é”™è¯¯ 1
gmake[1]: *** [CMakeFiles/Makefile2:137ï¼šCMakeFiles/param_node.dir/all] é”™è¯¯ 2
gmake: *** [Makefile:146ï¼šall] é”™è¯¯ 2
