[0.007s] Invoking command in '/home/tom007/catkin_ws_ros2/build/param_test': CMAKE_PREFIX_PATH=${CMAKE_PREFIX_PATH}:/opt/ros/humble /usr/bin/cmake --build /home/tom007/catkin_ws_ros2/build/param_test -- -j16 -l16
[0.024s] -- Found ament_cmake: 1.3.10 (/opt/ros/humble/share/ament_cmake/cmake)
[0.102s] -- Found rclcpp: 16.0.10 (/opt/ros/humble/share/rclcpp/cmake)
[0.118s] -- Found rosidl_generator_c: 3.1.5 (/opt/ros/humble/share/rosidl_generator_c/cmake)
[0.120s] -- Found rosidl_adapter: 3.1.5 (/opt/ros/humble/share/rosidl_adapter/cmake)
[0.123s] -- Found rosidl_generator_cpp: 3.1.5 (/opt/ros/humble/share/rosidl_generator_cpp/cmake)
[0.129s] -- Using all available rosidl_typesupport_c: rosidl_typesupport_fastrtps_c;rosidl_typesupport_introspection_c
[0.136s] -- Using all available rosidl_typesupport_cpp: rosidl_typesupport_fastrtps_cpp;rosidl_typesupport_introspection_cpp
[0.154s] -- Found rmw_implementation_cmake: 6.1.2 (/opt/ros/humble/share/rmw_implementation_cmake/cmake)
[0.155s] -- Found rmw_fastrtps_cpp: 6.2.7 (/opt/ros/humble/share/rmw_fastrtps_cpp/cmake)
[0.215s] -- Using RMW implementation 'rmw_fastrtps_cpp' as default
[0.247s] -- Found ament_lint_auto: 0.12.11 (/opt/ros/humble/share/ament_lint_auto/cmake)
[0.291s] -- Added test 'cppcheck' to perform static code analysis on C / C++ code
[0.291s] -- Configured cppcheck include dirs: 
[0.291s] -- Configured cppcheck exclude dirs and/or files: 
[0.292s] -- Added test 'lint_cmake' to check CMake code style
[0.292s] -- Added test 'uncrustify' to check C / C++ code style
[0.292s] -- Configured uncrustify additional arguments: 
[0.292s] -- Added test 'xmllint' to check XML markup files
[0.293s] -- Configuring done
[0.299s] -- Generating done
[0.300s] -- Build files have been written to: /home/tom007/catkin_ws_ros2/build/param_test
[0.320s] [35m[1mConsolidate compiler generated dependencies of target param_node[0m
[0.331s] [ 50%] [32mBuilding CXX object CMakeFiles/param_node.dir/src/param.cpp.o[0m
[2.031s] [100%] [32m[1mLinking CXX executable param_node[0m
[2.122s] /usr/bin/ld: CMakeFiles/param_node.dir/src/param.cpp.o: in function `main':
[2.122s] param.cpp:(.text+0x17e): undefined reference to `Json::Value::Value(Json::ValueType)'
[2.122s] /usr/bin/ld: param.cpp:(.text+0x26b): undefined reference to `Json::Value::Value(std::__cxx11::basic_string<char, std::char_traits<char>, std::allocator<char> > const&)'
[2.123s] /usr/bin/ld: param.cpp:(.text+0x284): undefined reference to `Json::Value::append(Json::Value&&)'
[2.123s] /usr/bin/ld: param.cpp:(.text+0x293): undefined reference to `Json::Value::~Value()'
[2.123s] /usr/bin/ld: param.cpp:(.text+0x4bc): undefined reference to `Json::operator<<(std::ostream&, Json::Value const&)'
[2.123s] /usr/bin/ld: param.cpp:(.text+0x5d4): undefined reference to `Json::Value::~Value()'
[2.123s] /usr/bin/ld: param.cpp:(.text+0x6a3): undefined reference to `Json::Value::~Value()'
[2.123s] /usr/bin/ld: param.cpp:(.text+0x790): undefined reference to `Json::Value::~Value()'
[2.126s] collect2: error: ld returned 1 exit status
[2.127s] gmake[2]: *** [CMakeFiles/param_node.dir/build.make:159ï¼šparam_node] é”™è¯¯ 1
[2.127s] gmake[1]: *** [CMakeFiles/Makefile2:137ï¼šCMakeFiles/param_node.dir/all] é”™è¯¯ 2
[2.127s] gmake: *** [Makefile:146ï¼šall] é”™è¯¯ 2
[2.129s] Invoked command in '/home/tom007/catkin_ws_ros2/build/param_test' returned '2': CMAKE_PREFIX_PATH=${CMAKE_PREFIX_PATH}:/opt/ros/humble /usr/bin/cmake --build /home/tom007/catkin_ws_ros2/build/param_test -- -j16 -l16
